0 info it worked if it ends with ok
1 verbose cli [ '/usr/bin/nodejs', '/usr/bin/npm', 'install' ]
2 info using npm@1.3.10
3 info using node@v0.10.25
4 verbose readDependencies using package.json deps
5 verbose install where, deps [ '/vagrant/public/phonebook',
5 verbose install   [ 'axios',
5 verbose install     'bootstrap',
5 verbose install     'popper.js',
5 verbose install     'cross-env',
5 verbose install     'jquery',
5 verbose install     'laravel-mix',
5 verbose install     'lodash',
5 verbose install     'vue' ] ]
6 info preinstall @
7 verbose readDependencies using package.json deps
8 verbose cache add [ 'axios@^0.18', null ]
9 verbose cache add name=undefined spec="axios@^0.18" args=["axios@^0.18",null]
10 verbose parsed url { protocol: null,
10 verbose parsed url   slashes: null,
10 verbose parsed url   auth: null,
10 verbose parsed url   host: null,
10 verbose parsed url   port: null,
10 verbose parsed url   hostname: null,
10 verbose parsed url   hash: null,
10 verbose parsed url   search: null,
10 verbose parsed url   query: null,
10 verbose parsed url   pathname: 'axios@^0.18',
10 verbose parsed url   path: 'axios@^0.18',
10 verbose parsed url   href: 'axios@^0.18' }
11 verbose cache add name="axios" spec="^0.18" args=["axios","^0.18"]
12 verbose parsed url { protocol: null,
12 verbose parsed url   slashes: null,
12 verbose parsed url   auth: null,
12 verbose parsed url   host: null,
12 verbose parsed url   port: null,
12 verbose parsed url   hostname: null,
12 verbose parsed url   hash: null,
12 verbose parsed url   search: null,
12 verbose parsed url   query: null,
12 verbose parsed url   pathname: '^0.18',
12 verbose parsed url   path: '^0.18',
12 verbose parsed url   href: '^0.18' }
13 verbose addNamed [ 'axios', '^0.18' ]
14 verbose addNamed [ null, '>=0.18.0-0 <0.19.0-0' ]
15 verbose cache add [ 'bootstrap@^4.0.0', null ]
16 verbose cache add name=undefined spec="bootstrap@^4.0.0" args=["bootstrap@^4.0.0",null]
17 verbose parsed url { protocol: null,
17 verbose parsed url   slashes: null,
17 verbose parsed url   auth: null,
17 verbose parsed url   host: null,
17 verbose parsed url   port: null,
17 verbose parsed url   hostname: null,
17 verbose parsed url   hash: null,
17 verbose parsed url   search: null,
17 verbose parsed url   query: null,
17 verbose parsed url   pathname: 'bootstrap@^4.0.0',
17 verbose parsed url   path: 'bootstrap@^4.0.0',
17 verbose parsed url   href: 'bootstrap@^4.0.0' }
18 verbose cache add name="bootstrap" spec="^4.0.0" args=["bootstrap","^4.0.0"]
19 verbose parsed url { protocol: null,
19 verbose parsed url   slashes: null,
19 verbose parsed url   auth: null,
19 verbose parsed url   host: null,
19 verbose parsed url   port: null,
19 verbose parsed url   hostname: null,
19 verbose parsed url   hash: null,
19 verbose parsed url   search: null,
19 verbose parsed url   query: null,
19 verbose parsed url   pathname: '^4.0.0',
19 verbose parsed url   path: '^4.0.0',
19 verbose parsed url   href: '^4.0.0' }
20 verbose addNamed [ 'bootstrap', '^4.0.0' ]
21 verbose addNamed [ null, '>=4.0.0-0 <5.0.0-0' ]
22 silly lockFile 25bc4e20-axios-0-18 axios@^0.18
23 verbose lock axios@^0.18 /home/vagrant/.npm/25bc4e20-axios-0-18.lock
24 silly lockFile b75601bf-bootstrap-4-0-0 bootstrap@^4.0.0
25 verbose lock bootstrap@^4.0.0 /home/vagrant/.npm/b75601bf-bootstrap-4-0-0.lock
26 verbose cache add [ 'cross-env@^5.1', null ]
27 verbose cache add name=undefined spec="cross-env@^5.1" args=["cross-env@^5.1",null]
28 verbose parsed url { protocol: null,
28 verbose parsed url   slashes: null,
28 verbose parsed url   auth: null,
28 verbose parsed url   host: null,
28 verbose parsed url   port: null,
28 verbose parsed url   hostname: null,
28 verbose parsed url   hash: null,
28 verbose parsed url   search: null,
28 verbose parsed url   query: null,
28 verbose parsed url   pathname: 'cross-env@^5.1',
28 verbose parsed url   path: 'cross-env@^5.1',
28 verbose parsed url   href: 'cross-env@^5.1' }
29 verbose cache add name="cross-env" spec="^5.1" args=["cross-env","^5.1"]
30 verbose parsed url { protocol: null,
30 verbose parsed url   slashes: null,
30 verbose parsed url   auth: null,
30 verbose parsed url   host: null,
30 verbose parsed url   port: null,
30 verbose parsed url   hostname: null,
30 verbose parsed url   hash: null,
30 verbose parsed url   search: null,
30 verbose parsed url   query: null,
30 verbose parsed url   pathname: '^5.1',
30 verbose parsed url   path: '^5.1',
30 verbose parsed url   href: '^5.1' }
31 verbose addNamed [ 'cross-env', '^5.1' ]
32 verbose addNamed [ null, '>=5.1.0-0 <6.0.0-0' ]
33 silly lockFile 0b668107-cross-env-5-1 cross-env@^5.1
34 verbose lock cross-env@^5.1 /home/vagrant/.npm/0b668107-cross-env-5-1.lock
35 verbose cache add [ 'popper.js@^1.12', null ]
36 verbose cache add name=undefined spec="popper.js@^1.12" args=["popper.js@^1.12",null]
37 verbose parsed url { protocol: null,
37 verbose parsed url   slashes: null,
37 verbose parsed url   auth: null,
37 verbose parsed url   host: null,
37 verbose parsed url   port: null,
37 verbose parsed url   hostname: null,
37 verbose parsed url   hash: null,
37 verbose parsed url   search: null,
37 verbose parsed url   query: null,
37 verbose parsed url   pathname: 'popper.js@^1.12',
37 verbose parsed url   path: 'popper.js@^1.12',
37 verbose parsed url   href: 'popper.js@^1.12' }
38 verbose cache add name="popper.js" spec="^1.12" args=["popper.js","^1.12"]
39 verbose parsed url { protocol: null,
39 verbose parsed url   slashes: null,
39 verbose parsed url   auth: null,
39 verbose parsed url   host: null,
39 verbose parsed url   port: null,
39 verbose parsed url   hostname: null,
39 verbose parsed url   hash: null,
39 verbose parsed url   search: null,
39 verbose parsed url   query: null,
39 verbose parsed url   pathname: '^1.12',
39 verbose parsed url   path: '^1.12',
39 verbose parsed url   href: '^1.12' }
40 verbose addNamed [ 'popper.js', '^1.12' ]
41 verbose addNamed [ null, '>=1.12.0-0 <2.0.0-0' ]
42 silly lockFile 60352c60-popper-js-1-12 popper.js@^1.12
43 verbose lock popper.js@^1.12 /home/vagrant/.npm/60352c60-popper-js-1-12.lock
44 verbose cache add [ 'jquery@^3.2', null ]
45 verbose cache add name=undefined spec="jquery@^3.2" args=["jquery@^3.2",null]
46 verbose parsed url { protocol: null,
46 verbose parsed url   slashes: null,
46 verbose parsed url   auth: null,
46 verbose parsed url   host: null,
46 verbose parsed url   port: null,
46 verbose parsed url   hostname: null,
46 verbose parsed url   hash: null,
46 verbose parsed url   search: null,
46 verbose parsed url   query: null,
46 verbose parsed url   pathname: 'jquery@^3.2',
46 verbose parsed url   path: 'jquery@^3.2',
46 verbose parsed url   href: 'jquery@^3.2' }
47 verbose cache add name="jquery" spec="^3.2" args=["jquery","^3.2"]
48 verbose parsed url { protocol: null,
48 verbose parsed url   slashes: null,
48 verbose parsed url   auth: null,
48 verbose parsed url   host: null,
48 verbose parsed url   port: null,
48 verbose parsed url   hostname: null,
48 verbose parsed url   hash: null,
48 verbose parsed url   search: null,
48 verbose parsed url   query: null,
48 verbose parsed url   pathname: '^3.2',
48 verbose parsed url   path: '^3.2',
48 verbose parsed url   href: '^3.2' }
49 verbose addNamed [ 'jquery', '^3.2' ]
50 verbose addNamed [ null, '>=3.2.0-0 <4.0.0-0' ]
51 silly lockFile f874303d-jquery-3-2 jquery@^3.2
52 verbose lock jquery@^3.2 /home/vagrant/.npm/f874303d-jquery-3-2.lock
53 verbose cache add [ 'laravel-mix@^2.0', null ]
54 verbose cache add name=undefined spec="laravel-mix@^2.0" args=["laravel-mix@^2.0",null]
55 verbose parsed url { protocol: null,
55 verbose parsed url   slashes: null,
55 verbose parsed url   auth: null,
55 verbose parsed url   host: null,
55 verbose parsed url   port: null,
55 verbose parsed url   hostname: null,
55 verbose parsed url   hash: null,
55 verbose parsed url   search: null,
55 verbose parsed url   query: null,
55 verbose parsed url   pathname: 'laravel-mix@^2.0',
55 verbose parsed url   path: 'laravel-mix@^2.0',
55 verbose parsed url   href: 'laravel-mix@^2.0' }
56 verbose cache add name="laravel-mix" spec="^2.0" args=["laravel-mix","^2.0"]
57 verbose parsed url { protocol: null,
57 verbose parsed url   slashes: null,
57 verbose parsed url   auth: null,
57 verbose parsed url   host: null,
57 verbose parsed url   port: null,
57 verbose parsed url   hostname: null,
57 verbose parsed url   hash: null,
57 verbose parsed url   search: null,
57 verbose parsed url   query: null,
57 verbose parsed url   pathname: '^2.0',
57 verbose parsed url   path: '^2.0',
57 verbose parsed url   href: '^2.0' }
58 verbose addNamed [ 'laravel-mix', '^2.0' ]
59 verbose addNamed [ null, '>=2.0.0-0 <3.0.0-0' ]
60 silly lockFile d5825885-laravel-mix-2-0 laravel-mix@^2.0
61 verbose lock laravel-mix@^2.0 /home/vagrant/.npm/d5825885-laravel-mix-2-0.lock
62 verbose cache add [ 'lodash@^4.17.4', null ]
63 verbose cache add name=undefined spec="lodash@^4.17.4" args=["lodash@^4.17.4",null]
64 verbose parsed url { protocol: null,
64 verbose parsed url   slashes: null,
64 verbose parsed url   auth: null,
64 verbose parsed url   host: null,
64 verbose parsed url   port: null,
64 verbose parsed url   hostname: null,
64 verbose parsed url   hash: null,
64 verbose parsed url   search: null,
64 verbose parsed url   query: null,
64 verbose parsed url   pathname: 'lodash@^4.17.4',
64 verbose parsed url   path: 'lodash@^4.17.4',
64 verbose parsed url   href: 'lodash@^4.17.4' }
65 verbose cache add name="lodash" spec="^4.17.4" args=["lodash","^4.17.4"]
66 verbose parsed url { protocol: null,
66 verbose parsed url   slashes: null,
66 verbose parsed url   auth: null,
66 verbose parsed url   host: null,
66 verbose parsed url   port: null,
66 verbose parsed url   hostname: null,
66 verbose parsed url   hash: null,
66 verbose parsed url   search: null,
66 verbose parsed url   query: null,
66 verbose parsed url   pathname: '^4.17.4',
66 verbose parsed url   path: '^4.17.4',
66 verbose parsed url   href: '^4.17.4' }
67 verbose addNamed [ 'lodash', '^4.17.4' ]
68 verbose addNamed [ null, '>=4.17.4-0 <5.0.0-0' ]
69 silly lockFile f25314eb-lodash-4-17-4 lodash@^4.17.4
70 verbose lock lodash@^4.17.4 /home/vagrant/.npm/f25314eb-lodash-4-17-4.lock
71 verbose cache add [ 'vue@^2.5.7', null ]
72 verbose cache add name=undefined spec="vue@^2.5.7" args=["vue@^2.5.7",null]
73 verbose parsed url { protocol: null,
73 verbose parsed url   slashes: null,
73 verbose parsed url   auth: null,
73 verbose parsed url   host: null,
73 verbose parsed url   port: null,
73 verbose parsed url   hostname: null,
73 verbose parsed url   hash: null,
73 verbose parsed url   search: null,
73 verbose parsed url   query: null,
73 verbose parsed url   pathname: 'vue@^2.5.7',
73 verbose parsed url   path: 'vue@^2.5.7',
73 verbose parsed url   href: 'vue@^2.5.7' }
74 verbose cache add name="vue" spec="^2.5.7" args=["vue","^2.5.7"]
75 verbose parsed url { protocol: null,
75 verbose parsed url   slashes: null,
75 verbose parsed url   auth: null,
75 verbose parsed url   host: null,
75 verbose parsed url   port: null,
75 verbose parsed url   hostname: null,
75 verbose parsed url   hash: null,
75 verbose parsed url   search: null,
75 verbose parsed url   query: null,
75 verbose parsed url   pathname: '^2.5.7',
75 verbose parsed url   path: '^2.5.7',
75 verbose parsed url   href: '^2.5.7' }
76 verbose addNamed [ 'vue', '^2.5.7' ]
77 verbose addNamed [ null, '>=2.5.7-0 <3.0.0-0' ]
78 silly lockFile b7c9e41e-vue-2-5-7 vue@^2.5.7
79 verbose lock vue@^2.5.7 /home/vagrant/.npm/b7c9e41e-vue-2-5-7.lock
80 silly addNameRange { name: 'axios', range: '>=0.18.0-0 <0.19.0-0', hasData: false }
81 silly addNameRange { name: 'bootstrap',
81 silly addNameRange   range: '>=4.0.0-0 <5.0.0-0',
81 silly addNameRange   hasData: false }
82 silly addNameRange { name: 'cross-env',
82 silly addNameRange   range: '>=5.1.0-0 <6.0.0-0',
82 silly addNameRange   hasData: false }
83 silly addNameRange { name: 'popper.js',
83 silly addNameRange   range: '>=1.12.0-0 <2.0.0-0',
83 silly addNameRange   hasData: false }
84 silly addNameRange { name: 'jquery', range: '>=3.2.0-0 <4.0.0-0', hasData: false }
85 silly addNameRange { name: 'laravel-mix',
85 silly addNameRange   range: '>=2.0.0-0 <3.0.0-0',
85 silly addNameRange   hasData: false }
86 verbose url raw axios
87 verbose url resolving [ 'https://registry.npmjs.org/', './axios' ]
88 verbose url resolved https://registry.npmjs.org/axios
89 info trying registry request attempt 1 at 13:51:06
90 http GET https://registry.npmjs.org/axios
91 verbose url raw bootstrap
92 verbose url resolving [ 'https://registry.npmjs.org/', './bootstrap' ]
93 verbose url resolved https://registry.npmjs.org/bootstrap
94 info trying registry request attempt 1 at 13:51:06
95 http GET https://registry.npmjs.org/bootstrap
96 verbose url raw cross-env
97 verbose url resolving [ 'https://registry.npmjs.org/', './cross-env' ]
98 verbose url resolved https://registry.npmjs.org/cross-env
99 info trying registry request attempt 1 at 13:51:06
100 http GET https://registry.npmjs.org/cross-env
101 verbose url raw popper.js
102 verbose url resolving [ 'https://registry.npmjs.org/', './popper.js' ]
103 verbose url resolved https://registry.npmjs.org/popper.js
104 info trying registry request attempt 1 at 13:51:06
105 http GET https://registry.npmjs.org/popper.js
106 verbose url raw jquery
107 verbose url resolving [ 'https://registry.npmjs.org/', './jquery' ]
108 verbose url resolved https://registry.npmjs.org/jquery
109 info trying registry request attempt 1 at 13:51:06
110 http GET https://registry.npmjs.org/jquery
111 silly addNameRange { name: 'lodash', range: '>=4.17.4-0 <5.0.0-0', hasData: false }
112 silly addNameRange { name: 'vue', range: '>=2.5.7-0 <3.0.0-0', hasData: false }
113 verbose url raw laravel-mix
114 verbose url resolving [ 'https://registry.npmjs.org/', './laravel-mix' ]
115 verbose url resolved https://registry.npmjs.org/laravel-mix
116 info trying registry request attempt 1 at 13:51:06
117 http GET https://registry.npmjs.org/laravel-mix
118 verbose url raw lodash
119 verbose url resolving [ 'https://registry.npmjs.org/', './lodash' ]
120 verbose url resolved https://registry.npmjs.org/lodash
121 info trying registry request attempt 1 at 13:51:06
122 http GET https://registry.npmjs.org/lodash
123 verbose url raw vue
124 verbose url resolving [ 'https://registry.npmjs.org/', './vue' ]
125 verbose url resolved https://registry.npmjs.org/vue
126 info trying registry request attempt 1 at 13:51:06
127 http GET https://registry.npmjs.org/vue
128 info retry will retry, error on last attempt: Error: CERT_UNTRUSTED
129 info retry will retry, error on last attempt: Error: CERT_UNTRUSTED
130 info retry will retry, error on last attempt: Error: CERT_UNTRUSTED
131 info retry will retry, error on last attempt: Error: CERT_UNTRUSTED
132 info retry will retry, error on last attempt: Error: CERT_UNTRUSTED
133 info retry will retry, error on last attempt: Error: CERT_UNTRUSTED
134 info retry will retry, error on last attempt: Error: CERT_UNTRUSTED
135 info retry will retry, error on last attempt: Error: CERT_UNTRUSTED
136 info trying registry request attempt 2 at 13:51:16
137 http GET https://registry.npmjs.org/axios
138 info trying registry request attempt 2 at 13:51:16
139 http GET https://registry.npmjs.org/bootstrap
140 info trying registry request attempt 2 at 13:51:16
141 http GET https://registry.npmjs.org/cross-env
142 info trying registry request attempt 2 at 13:51:16
143 http GET https://registry.npmjs.org/jquery
144 info trying registry request attempt 2 at 13:51:17
145 http GET https://registry.npmjs.org/popper.js
146 info trying registry request attempt 2 at 13:51:17
147 http GET https://registry.npmjs.org/lodash
148 info trying registry request attempt 2 at 13:51:17
149 http GET https://registry.npmjs.org/laravel-mix
150 info trying registry request attempt 2 at 13:51:17
151 http GET https://registry.npmjs.org/vue
152 info retry will retry, error on last attempt: Error: CERT_UNTRUSTED
153 info retry will retry, error on last attempt: Error: CERT_UNTRUSTED
154 info retry will retry, error on last attempt: Error: CERT_UNTRUSTED
155 info retry will retry, error on last attempt: Error: CERT_UNTRUSTED
156 info retry will retry, error on last attempt: Error: CERT_UNTRUSTED
157 info retry will retry, error on last attempt: Error: CERT_UNTRUSTED
158 info retry will retry, error on last attempt: Error: CERT_UNTRUSTED
159 info retry will retry, error on last attempt: Error: CERT_UNTRUSTED
160 info trying registry request attempt 3 at 13:52:17
161 http GET https://registry.npmjs.org/bootstrap
162 info trying registry request attempt 3 at 13:52:17
163 http GET https://registry.npmjs.org/axios
164 info trying registry request attempt 3 at 13:52:17
165 http GET https://registry.npmjs.org/jquery
166 info trying registry request attempt 3 at 13:52:17
167 http GET https://registry.npmjs.org/popper.js
168 info trying registry request attempt 3 at 13:52:17
169 http GET https://registry.npmjs.org/cross-env
170 info trying registry request attempt 3 at 13:52:17
171 http GET https://registry.npmjs.org/lodash
172 info trying registry request attempt 3 at 13:52:17
173 http GET https://registry.npmjs.org/vue
174 info trying registry request attempt 3 at 13:52:17
175 http GET https://registry.npmjs.org/laravel-mix
176 silly lockFile f874303d-jquery-3-2 jquery@^3.2
177 silly lockFile f874303d-jquery-3-2 jquery@^3.2
178 silly lockFile b75601bf-bootstrap-4-0-0 bootstrap@^4.0.0
179 silly lockFile b75601bf-bootstrap-4-0-0 bootstrap@^4.0.0
180 silly lockFile 25bc4e20-axios-0-18 axios@^0.18
181 silly lockFile 25bc4e20-axios-0-18 axios@^0.18
182 error Error: CERT_UNTRUSTED
182 error     at SecurePair.<anonymous> (tls.js:1370:32)
182 error     at SecurePair.EventEmitter.emit (events.js:92:17)
182 error     at SecurePair.maybeInitFinished (tls.js:982:10)
182 error     at CleartextStream.read [as _read] (tls.js:469:13)
182 error     at CleartextStream.Readable.read (_stream_readable.js:320:10)
182 error     at EncryptedStream.write [as _write] (tls.js:366:25)
182 error     at doWrite (_stream_writable.js:223:10)
182 error     at writeOrBuffer (_stream_writable.js:213:5)
182 error     at EncryptedStream.Writable.write (_stream_writable.js:180:11)
182 error     at write (_stream_readable.js:583:24)
183 error If you need help, you may report this log at:
183 error     <http://github.com/isaacs/npm/issues>
183 error or email it to:
183 error     <npm-@googlegroups.com>
184 error System Linux 3.13.0-137-generic
185 error command "/usr/bin/nodejs" "/usr/bin/npm" "install"
186 error cwd /vagrant/public/phonebook
187 error node -v v0.10.25
188 error npm -v 1.3.10
189 verbose exit [ 1, true ]
